<?xml version="1.0" encoding="UTF-8"?>
<!-- Generated by org.testng.reporters.JUnitReportReporter -->
<testsuite hostname="LAPTOP-6RHKGB6P" failures="0" tests="1" name="com.org.PHP_Maven_Test.PHP_Maven_Test.Verify_test" time="18.069" errors="0" timestamp="2019-08-28T02:45:07 IST" skipped="0">
  <testcase classname="com.org.PHP_Maven_Test.PHP_Maven_Test.Verify_test" name="VerifyAboutPageTest" time="18.069"/>
</testsuite> <!-- com.org.PHP_Maven_Test.PHP_Maven_Test.Verify_test -->
