<?xml version="1.0" encoding="UTF-8"?>
<!-- Generated by org.testng.reporters.JUnitReportReporter -->
<testsuite hostname="LAPTOP-6RHKGB6P" failures="0" tests="1" name="com.packt.PHP_Maven_Test.PHP_Maven_Test.Verify_test" time="17.013" errors="0" timestamp="2019-08-28T02:35:59 IST" skipped="0">
  <testcase classname="com.packt.PHP_Maven_Test.PHP_Maven_Test.Verify_test" name="VerifyAboutPageTest" time="17.013"/>
</testsuite> <!-- com.packt.PHP_Maven_Test.PHP_Maven_Test.Verify_test -->
